<?xml version="1.0" encoding="utf-8"?><testsuites><testsuite name="pytest" errors="0" failures="0" skipped="0" tests="1" time="0.258" timestamp="2024-12-22T08:42:24.785260-06:00" hostname="DESKTOP-SACB1K4"><testcase classname="tests.test_basic" name="test__true_is_true" time="0.001" /></testsuite></testsuites>